#
# A fatal error has been detected by the Java Runtime Environment:
#
#  EXCEPTION_ACCESS_VIOLATION (0xc0000005) at pc=0x000000002b0ec750, pid=2084, tid=3732
#
# JRE version: 6.0_17-b04
# Java VM: Java HotSpot(TM) 64-Bit Server VM (14.3-b01 mixed mode windows-amd64 )
# Problematic frame:
# C  0x000000002b0ec750
#
# If you would like to submit a bug report, please visit:
#   http://java.sun.com/webapps/bugreport/crash.jsp
# The crash happened outside the Java Virtual Machine in native code.
# See problematic frame for where to report the bug.
#

---------------  T H R E A D  ---------------

Current thread (0x0000000051e15000):  JavaThread "AWT-EventQueue-0" [_thread_in_native, id=3732, stack(0x00000000b8000000,0x00000000bc000000)]

siginfo: ExceptionCode=0xc0000005, reading address 0x0000000000000008

Registers:
EAX=0x000000000000000d, EBX=0x0000000051e151b8, ECX=0x0000000000000000, EDX=0xffffffffc601174e
ESP=0x00000000bbffe358, EBP=0x0000000056100800, ESI=0x0000000051e151b8, EDI=0x000000005227f930
EIP=0x000000002b0ec750, EFLAGS=0x0000000000010206

Top of Stack: (sp=0x00000000bbffe358)
0x00000000bbffe358:   000000002b09589c 0000000000000000
0x00000000bbffe368:   0000000051e151b8 0000000056100800
0x00000000bbffe378:   0000000051e151b8 000000004260e6b8
0x00000000bbffe388:   0000000051e151b8 0000000030483460
0x00000000bbffe398:   000000002b073810 0000000051e151b8
0x00000000bbffe3a8:   00000000bbffea78 00000000bbffeaf0
0x00000000bbffe3b8:   0000000056100800 0000006400000000
0x00000000bbffe3c8:   000000002b092151 0000001c00000064
0x00000000bbffe3d8:   00000000bbffeae8 0000000041919190
0x00000000bbffe3e8:   00000000bbffeaf0 000000003804e970
0x00000000bbffe3f8:   000000002d330c8c 00000000000003e8
0x00000000bbffe408:   00000000000003e8 0000000039a969b8
0x00000000bbffe418:   0000000039e7d788 0000000039e7d788
0x00000000bbffe428:   00000000425ff9a8 000000003804e720
0x00000000bbffe438:   0000000000000007 0000000000000000
0x00000000bbffe448:   0000000000000014 0000000000000018 

Instructions: (pc=0x000000002b0ec750)
0x000000002b0ec740:   48 8b 41 08 48 8b 80 18 0c 00 00 c3 cc cc cc cc
0x000000002b0ec750:   48 8b 49 08 48 85 c9 74 05 e9 72 f6 fd ff 33 c0 


Stack: [0x00000000b8000000,0x00000000bc000000],  sp=0x00000000bbffe358,  free space=65528k
Native frames: (J=compiled Java code, j=interpreted, Vv=VM code, C=native code)
C  0x000000002b0ec750

Java frames: (J=compiled Java code, j=interpreted, Vv=VM code)
j  sun.java2d.windows.GDIBlitLoops.nativeBlit(Lsun/java2d/SurfaceData;Lsun/java2d/SurfaceData;Lsun/java2d/pipe/Region;IIIIIIIIIZ)V+0
j  sun.java2d.windows.GDIBlitLoops.Blit(Lsun/java2d/SurfaceData;Lsun/java2d/SurfaceData;Ljava/awt/Composite;Lsun/java2d/pipe/Region;IIIIII)V+33
J  sun.java2d.pipe.DrawImage.copyImage(Lsun/java2d/SunGraphics2D;Ljava/awt/Image;IILjava/awt/Color;Ljava/awt/image/ImageObserver;)Z
J  sun.java2d.SunGraphics2D.drawImage(Ljava/awt/Image;IILjava/awt/Color;Ljava/awt/image/ImageObserver;)Z
J  javax.swing.RepaintManager$PaintManager.paintDoubleBuffered(Ljavax/swing/JComponent;Ljava/awt/Image;Ljava/awt/Graphics;IIII)V
j  javax.swing.RepaintManager$PaintManager.paint(Ljavax/swing/JComponent;Ljavax/swing/JComponent;Ljava/awt/Graphics;IIII)Z+116
J  javax.swing.JComponent.paint(Ljava/awt/Graphics;)V
j  java.awt.GraphicsCallback$PaintCallback.run(Ljava/awt/Component;Ljava/awt/Graphics;)V+2
j  sun.awt.SunGraphicsCallback.runOneComponent(Ljava/awt/Component;Ljava/awt/Rectangle;Ljava/awt/Graphics;Ljava/awt/Shape;I)V+155
j  sun.awt.SunGraphicsCallback.runComponents([Ljava/awt/Component;Ljava/awt/Graphics;I)V+104
j  java.awt.Container.paint(Ljava/awt/Graphics;)V+73
J  javax.swing.RepaintManager.paintDirtyRegions(Ljava/util/Map;)V
j  javax.swing.RepaintManager.paintDirtyRegions()V+46
j  javax.swing.RepaintManager.seqPaintDirtyRegions()V+73
j  javax.swing.SystemEventQueueUtilities$ComponentWorkRequest.run()V+36
J  java.awt.event.InvocationEvent.dispatch()V
J  java.awt.EventDispatchThread.pumpOneEventForFilters(I)Z
J  java.awt.EventDispatchThread.pumpEventsForFilter(ILjava/awt/Conditional;Ljava/awt/EventFilter;)V
j  java.awt.EventDispatchThread.pumpEventsForHierarchy(ILjava/awt/Conditional;Ljava/awt/Component;)V+11
j  java.awt.EventDispatchThread.pumpEvents(ILjava/awt/Conditional;)V+4
j  java.awt.EventDispatchThread.pumpEvents(Ljava/awt/Conditional;)V+3
j  java.awt.EventDispatchThread.run()V+9
v  ~StubRoutines::call_stub

---------------  P R O C E S S  ---------------

Java Threads: ( => current thread )
  0x0000000052243000 JavaThread "Explorer NavigationContext request queue" daemon [_thread_in_Java, id=3876, stack(0x000000014c030000,0x0000000150030000)]
  0x000000005264e000 JavaThread "Browser Events Thread" daemon [_thread_blocked, id=1504, stack(0x0000000150030000,0x0000000154030000)]
  0x0000000052242800 JavaThread "Main message loop" daemon [_thread_in_native, id=10876, stack(0x0000000027010000,0x000000002b010000)]
  0x000000005223f000 JavaThread "Swing-Shell" daemon [_thread_blocked, id=5952, stack(0x00000000d4000000,0x00000000d8000000)]
  0x000000005264c000 JavaThread "Timer-2" daemon [_thread_blocked, id=5036, stack(0x0000000138000000,0x000000013c000000)]
  0x00000000520da800 JavaThread "com.jniwrapper.NativeResourceCollector" daemon [_thread_blocked, id=3092, stack(0x000000012c000000,0x0000000130000000)]
  0x000000005227d800 JavaThread "Code Analyzer updating thread" [_thread_blocked, id=9044, stack(0x0000000124000000,0x0000000128000000)]
  0x000000005227c800 JavaThread "Code Analyzer updating thread" [_thread_blocked, id=6448, stack(0x0000000120000000,0x0000000124000000)]
  0x000000005227c000 JavaThread "Code Analyzer updating thread" [_thread_blocked, id=7412, stack(0x000000011c000000,0x0000000120000000)]
  0x000000005227b000 JavaThread "Code Analyzer updating thread" [_thread_blocked, id=8612, stack(0x0000000118000000,0x000000011c000000)]
  0x000000005227a800 JavaThread "Code Analyzer updating thread" [_thread_blocked, id=4900, stack(0x0000000114000000,0x0000000118000000)]
  0x000000005224b000 JavaThread "Code Analyzer updating thread" [_thread_blocked, id=11020, stack(0x0000000110000000,0x0000000114000000)]
  0x000000005224a800 JavaThread "Code Analyzer updating thread" [_thread_blocked, id=6280, stack(0x000000010c000000,0x0000000110000000)]
  0x0000000052249800 JavaThread "Code Analyzer updating thread" [_thread_blocked, id=10828, stack(0x0000000108000000,0x000000010c000000)]
  0x0000000052249000 JavaThread "Code Analyzer updating thread" [_thread_blocked, id=8592, stack(0x0000000104000000,0x0000000108000000)]
  0x0000000052248000 JavaThread "Code Analyzer updating thread" [_thread_blocked, id=10252, stack(0x0000000100000000,0x0000000104000000)]
  0x0000000052247800 JavaThread "Code Analyzer updating thread" [_thread_blocked, id=9688, stack(0x00000000fc000000,0x0000000100000000)]
  0x0000000052247000 JavaThread "Code Analyzer updating thread" [_thread_blocked, id=4760, stack(0x00000000f8000000,0x00000000fc000000)]
  0x0000000052246000 JavaThread "Active Reference Queue Daemon" daemon [_thread_blocked, id=3008, stack(0x00000000f4000000,0x00000000f8000000)]
  0x0000000052244800 JavaThread "Timer-1" daemon [_thread_blocked, id=7488, stack(0x0000000013010000,0x0000000017010000)]
  0x0000000052245800 JavaThread "ClipboardMonitor Timer" daemon [_thread_blocked, id=6104, stack(0x00000000f0000000,0x00000000f4000000)]
  0x0000000052241800 JavaThread "AddressBar directory emptiness poller" daemon [_thread_blocked, id=7844, stack(0x00000000e0000000,0x00000000e4000000)]
  0x0000000052241000 JavaThread "Explorer Refresh Service 2116802069" daemon [_thread_blocked, id=9680, stack(0x00000000dc000000,0x00000000e0000000)]
  0x000000005223f800 JavaThread "Thread-4" daemon [_thread_blocked, id=9620, stack(0x00000000d8000000,0x00000000dc000000)]
  0x000000005223c800 JavaThread "TimerQueue" daemon [_thread_blocked, id=8704, stack(0x00000000c8000000,0x00000000cc000000)]
  0x000000005223c000 JavaThread "Thread-3" daemon [_thread_blocked, id=3536, stack(0x00000000bc000000,0x00000000c0000000)]
=>0x0000000051e15000 JavaThread "AWT-EventQueue-0" [_thread_in_native, id=3732, stack(0x00000000b8000000,0x00000000bc000000)]
  0x0000000051e0a000 JavaThread "AWT-Shutdown" [_thread_blocked, id=10868, stack(0x00000000a4000000,0x00000000a8000000)]
  0x000000005181e000 JavaThread "FelixPackageAdmin" daemon [_thread_blocked, id=10916, stack(0x00000000b4000000,0x00000000b8000000)]
  0x0000000051f76000 JavaThread "FelixStartLevel" daemon [_thread_blocked, id=8764, stack(0x00000000b0000000,0x00000000b4000000)]
  0x0000000051e64800 JavaThread "FelixDispatchQueue" daemon [_thread_blocked, id=10444, stack(0x00000000ac000000,0x00000000b0000000)]
  0x0000000051889800 JavaThread "com.google.common.base.internal.Finalizer" daemon [_thread_blocked, id=9408, stack(0x00000000a8000000,0x00000000ac000000)]
  0x0000000051888800 JavaThread "AWT-Windows" daemon [_thread_in_native, id=7392, stack(0x00000000a0000000,0x00000000a4000000)]
  0x00000000517d3000 JavaThread "Java2D Disposer" daemon [_thread_blocked, id=9296, stack(0x0000000098000000,0x000000009c000000)]
  0x000000002b7f3800 JavaThread "Timer-0" [_thread_blocked, id=7040, stack(0x0000000094000000,0x0000000098000000)]
  0x0000000051858000 JavaThread "EventMgr Dispatcher" daemon [_thread_in_native, id=9096, stack(0x0000000090000000,0x0000000094000000)]
  0x000000000eac3800 JavaThread "Low Memory Detector" daemon [_thread_blocked, id=448, stack(0x0000000088000000,0x000000008c000000)]
  0x000000000eac0000 JavaThread "CompilerThread1" daemon [_thread_blocked, id=8632, stack(0x0000000084000000,0x0000000088000000)]
  0x000000000eab0800 JavaThread "CompilerThread0" daemon [_thread_blocked, id=9936, stack(0x0000000080000000,0x0000000084000000)]
  0x000000000eaaf800 JavaThread "Attach Listener" daemon [_thread_blocked, id=7036, stack(0x000000006a000000,0x000000006e000000)]
  0x000000000ea55800 JavaThread "Finalizer" daemon [_thread_blocked, id=3320, stack(0x00000000646b0000,0x00000000686b0000)]
  0x000000000ea54800 JavaThread "Reference Handler" daemon [_thread_blocked, id=516, stack(0x000000005ed70000,0x0000000062d70000)]
  0x00000000062ce800 JavaThread "main" [_thread_in_native, id=7944, stack(0x0000000000030000,0x0000000004030000)]

Other Threads:
  0x000000000ea51000 VMThread [stack: 0x000000005ad70000,0x000000005ed70000] [id=9464]
  0x000000000eb11800 WatcherThread [stack: 0x000000008c000000,0x0000000090000000] [id=8468]

VM state:not at safepoint (normal execution)

VM Mutex/Monitor currently owned by a thread: None

Heap
 PSYoungGen      total 49984K, used 36974K [0x00000000411e0000, 0x00000000442e0000, 0x00000000442e0000)
  eden space 49792K, 73% used [0x00000000411e0000,0x00000000435d3568,0x0000000044280000)
  from space 192K, 84% used [0x00000000442b0000,0x00000000442d8530,0x00000000442e0000)
  to   space 192K, 0% used [0x0000000044280000,0x0000000044280000,0x00000000442b0000)
 PSOldGen        total 150528K, used 116282K [0x0000000037ee0000, 0x00000000411e0000, 0x00000000411e0000)
  object space 150528K, 77% used [0x0000000037ee0000,0x000000003f06e838,0x00000000411e0000)
 PSPermGen       total 121792K, used 78341K [0x000000002fee0000, 0x00000000375d0000, 0x0000000037ee0000)
  object space 121792K, 64% used [0x000000002fee0000,0x0000000034b614d8,0x00000000375d0000)

Dynamic libraries:
0x0000000140000000 - 0x0000000140028000 	C:\Program Files\MATLAB\R2013a\bin\win64\MATLAB.exe
0x0000000076fa0000 - 0x0000000077149000 	C:\Windows\SYSTEM32\ntdll.dll
0x0000000076e80000 - 0x0000000076f9f000 	C:\Windows\system32\kernel32.dll
0x000007fefce20000 - 0x000007fefce8c000 	C:\Windows\system32\KERNELBASE.dll
0x0000000074460000 - 0x0000000074515000 	C:\Program Files\MATLAB\R2013a\bin\win64\libut.dll
0x00000000758a0000 - 0x000000007595f000 	C:\Program Files\MATLAB\R2013a\bin\win64\libmwi18n.dll
0x0000000180000000 - 0x000000018000d000 	C:\Program Files\MATLAB\R2013a\bin\win64\libmwresource_core.dll
0x0000000064610000 - 0x00000000646a8000 	C:\Program Files\MATLAB\R2013a\bin\win64\MSVCP100.dll
0x0000000064530000 - 0x0000000064602000 	C:\Program Files\MATLAB\R2013a\bin\win64\MSVCR100.dll
0x0000000072bd0000 - 0x0000000072bde000 	C:\Program Files\MATLAB\R2013a\bin\win64\boost_date_time-vc100-mt-1_49.dll
0x0000000072ba0000 - 0x0000000072bcc000 	C:\Program Files\MATLAB\R2013a\bin\win64\boost_filesystem-vc100-mt-1_49.dll
0x0000000072be0000 - 0x0000000072be9000 	C:\Program Files\MATLAB\R2013a\bin\win64\boost_system-vc100-mt-1_49.dll
0x000007fefdfb0000 - 0x000007fefe08b000 	C:\Windows\system32\ADVAPI32.dll
0x000007fefd120000 - 0x000007fefd1bf000 	C:\Windows\system32\msvcrt.dll
0x000007fefd680000 - 0x000007fefd69f000 	C:\Windows\SYSTEM32\sechost.dll
0x000007fefda20000 - 0x000007fefdb4d000 	C:\Windows\system32\RPCRT4.dll
0x000000006f610000 - 0x000000006f635000 	C:\Program Files\MATLAB\R2013a\bin\win64\LIBEXPAT.dll
0x0000000056a50000 - 0x0000000056bda000 	C:\Program Files\MATLAB\R2013a\bin\win64\icuin49.dll
0x0000000056c30000 - 0x0000000056d6e000 	C:\Program Files\MATLAB\R2013a\bin\win64\icuuc49.dll
0x0000000050570000 - 0x0000000051692000 	C:\Program Files\MATLAB\R2013a\bin\win64\icudt49.dll
0x0000000072b80000 - 0x0000000072b90000 	C:\Program Files\MATLAB\R2013a\bin\win64\icuio49.dll
0x0000000073f70000 - 0x0000000074112000 	C:\Program Files\MATLAB\R2013a\bin\win64\libmwfl.dll
0x000000007a350000 - 0x000000007a737000 	C:\Program Files\MATLAB\R2013a\bin\win64\libmwMATLAB_res.dll
0x0000000063340000 - 0x000000006341f000 	C:\Program Files\MATLAB\R2013a\bin\win64\boost_regex-vc100-mt-1_49.dll
0x0000000076d80000 - 0x0000000076e7a000 	C:\Windows\system32\USER32.dll
0x000007fefd5c0000 - 0x000007fefd627000 	C:\Windows\system32\GDI32.dll
0x000007fefd5b0000 - 0x000007fefd5be000 	C:\Windows\system32\LPK.dll
0x000007fefd950000 - 0x000007fefda19000 	C:\Windows\system32\USP10.dll
0x00000000721f0000 - 0x0000000072201000 	C:\Program Files\MATLAB\R2013a\bin\win64\boost_signals-vc100-mt-1_49.dll
0x0000000072310000 - 0x0000000072321000 	C:\Program Files\MATLAB\R2013a\bin\win64\boost_thread-vc100-mt-1_49.dll
0x000007fef5790000 - 0x000007fef581c000 	C:\Program Files\MATLAB\R2013a\bin\win64\boost_log-vc100-mt-1_49.dll
0x0000000077170000 - 0x0000000077177000 	C:\Windows\system32\PSAPI.DLL
0x000007fefd630000 - 0x000007fefd67d000 	C:\Windows\system32\WS2_32.dll
0x000007feff2a0000 - 0x000007feff2a8000 	C:\Windows\system32\NSI.dll
0x000007fef5f30000 - 0x000007fef5f63000 	C:\Program Files\MATLAB\R2013a\bin\win64\tbb.dll
0x000007fefd1c0000 - 0x000007fefd1d9000 	C:\Windows\system32\imagehlp.dll
0x000007fefade0000 - 0x000007fefae0c000 	C:\Windows\system32\POWRPROF.dll
0x000007feff090000 - 0x000007feff267000 	C:\Windows\system32\SETUPAPI.dll
0x000007fefce90000 - 0x000007fefcec6000 	C:\Windows\system32\CFGMGR32.dll
0x000007fefe090000 - 0x000007fefe167000 	C:\Windows\system32\OLEAUT32.dll
0x000007fefdda0000 - 0x000007fefdfa3000 	C:\Windows\system32\ole32.dll
0x000007fefcee0000 - 0x000007fefcefa000 	C:\Windows\system32\DEVOBJ.dll
0x0000000004200000 - 0x0000000004221000 	C:\Program Files\MATLAB\R2013a\bin\win64\libmwmfl_scalar.dll
0x000007fef4040000 - 0x000007fef4165000 	C:\Windows\system32\dbghelp.dll
0x0000000004230000 - 0x000000000455f000 	C:\Program Files\MATLAB\R2013a\bin\win64\libmwservices.dll
0x0000000075a20000 - 0x0000000075b0b000 	C:\Program Files\MATLAB\R2013a\bin\win64\libmx.dll
0x000007fef6960000 - 0x000007fef6988000 	C:\Program Files\MATLAB\R2013a\bin\win64\tbbmalloc.dll
0x0000000071750000 - 0x0000000071767000 	C:\Program Files\MATLAB\R2013a\bin\win64\zlib1.dll
0x0000000004560000 - 0x00000000045ae000 	C:\Program Files\MATLAB\R2013a\bin\win64\libmwregexp.dll
0x0000000075f10000 - 0x0000000075f57000 	C:\Program Files\MATLAB\R2013a\bin\win64\mpath.dll
0x000000007b680000 - 0x000000007bc66000 	C:\Program Files\MATLAB\R2013a\bin\win64\mlutil.dll
0x00000000754d0000 - 0x0000000075547000 	C:\Program Files\MATLAB\R2013a\bin\win64\xmlcore.dll
0x0000000056800000 - 0x0000000056a41000 	C:\Program Files\MATLAB\R2013a\bin\win64\xerces-c_2_7.dll
0x00000000045c0000 - 0x00000000045e2000 	C:\Program Files\MATLAB\R2013a\bin\win64\libmwMATLAB_settings_res.dll
0x000007fefa540000 - 0x000007fefa550000 	C:\Program Files\MATLAB\R2013a\bin\win64\boost_iostreams-vc100-mt-1_49.dll
0x000007fef5d30000 - 0x000007fef5d76000 	C:\Program Files\MATLAB\R2013a\bin\win64\boost_serialization-vc100-mt-1_49.dll
0x000007fefe300000 - 0x000007feff088000 	C:\Windows\system32\SHELL32.dll
0x000007fefe170000 - 0x000007fefe1e1000 	C:\Windows\system32\SHLWAPI.dll
0x00000000045f0000 - 0x00000000045f6000 	C:\Program Files\MATLAB\R2013a\bin\win64\libmwnativedisplay.dll
0x000007fef9690000 - 0x000007fef9730000 	C:\Windows\WinSxS\amd64_microsoft.windows.common-controls_6595b64144ccf1df_5.82.7601.18201_none_a4d3b9377117c3df\COMCTL32.dll
0x000007fefd510000 - 0x000007fefd5a7000 	C:\Windows\system32\COMDLG32.dll
0x000007fef9e40000 - 0x000007fef9e56000 	C:\Windows\system32\NETAPI32.dll
0x000007fef9e30000 - 0x000007fef9e3c000 	C:\Windows\system32\netutils.dll
0x000007fefc800000 - 0x000007fefc823000 	C:\Windows\system32\srvcli.dll
0x000007fef9e10000 - 0x000007fef9e25000 	C:\Windows\system32\wkscli.dll
0x0000000074970000 - 0x0000000074a18000 	C:\Program Files\MATLAB\R2013a\bin\win64\mcr.dll
0x0000000075000000 - 0x00000000753b1000 	C:\Program Files\MATLAB\R2013a\bin\win64\iqm.dll
0x0000000074e80000 - 0x0000000074f30000 	C:\Program Files\MATLAB\R2013a\bin\win64\m_dispatcher.dll
0x0000000004600000 - 0x0000000004e08000 	C:\Program Files\MATLAB\R2013a\bin\win64\m_interpreter.dll
0x0000000004e10000 - 0x0000000004e34000 	C:\Program Files\MATLAB\R2013a\bin\win64\libmex.dll
0x0000000075430000 - 0x00000000754ab000 	C:\Program Files\MATLAB\R2013a\bin\win64\profiler.dll
0x0000000004e40000 - 0x00000000050c3000 	C:\Program Files\MATLAB\R2013a\bin\win64\libmwmathutil.dll
0x0000000079f40000 - 0x0000000079f66000 	C:\Program Files\MATLAB\R2013a\bin\win64\libmwmathrng.dll
0x00000000050d0000 - 0x00000000050e0000 	C:\Program Files\MATLAB\R2013a\bin\win64\libmwmfl_rng.dll
0x0000000074c10000 - 0x0000000074cf8000 	C:\Program Files\MATLAB\R2013a\bin\win64\libmwmathcore.dll
0x0000000076160000 - 0x00000000761c3000 	C:\Program Files\MATLAB\R2013a\bin\win64\libmwspmatrix.dll
0x000000007b0a0000 - 0x000000007b2f6000 	C:\Program Files\MATLAB\R2013a\bin\win64\mcos.dll
0x0000000075ea0000 - 0x0000000075f02000 	C:\Program Files\MATLAB\R2013a\bin\win64\libmwcholmod.dll
0x00000000050f0000 - 0x00000000050fd000 	C:\Program Files\MATLAB\R2013a\bin\win64\libmwamd.dll
0x000000006eb90000 - 0x000000006ec33000 	C:\Windows\WinSxS\amd64_microsoft.vc90.crt_1fc8b3b9a1e18e3b_9.0.30729.6161_none_08e61857a83bc251\MSVCR90.dll
0x0000000005110000 - 0x000000000511c000 	C:\Program Files\MATLAB\R2013a\bin\win64\libmwcolamd.dll
0x000000007a290000 - 0x000000007a2a3000 	C:\Program Files\MATLAB\R2013a\bin\win64\libmwblas.dll
0x000000007a310000 - 0x000000007a325000 	C:\Program Files\MATLAB\R2013a\bin\win64\libmwbinder.dll
0x0000000005130000 - 0x000000000513b000 	C:\Program Files\MATLAB\R2013a\bin\win64\libmwompwrapper.dll
0x0000000075820000 - 0x000000007589e000 	C:\Program Files\MATLAB\R2013a\bin\win64\libmwlapack.dll
0x000000007a1b0000 - 0x000000007a1d0000 	C:\Program Files\MATLAB\R2013a\bin\win64\m_pcodeio.dll
0x0000000079b10000 - 0x0000000079b6c000 	C:\Program Files\MATLAB\R2013a\bin\win64\m_ir.dll
0x0000000078ed0000 - 0x0000000079579000 	C:\Program Files\MATLAB\R2013a\bin\win64\m_parser.dll
0x000000007a2f0000 - 0x000000007a307000 	C:\Program Files\MATLAB\R2013a\bin\win64\ir_xfmr.dll
0x0000000005140000 - 0x0000000005150000 	C:\Program Files\MATLAB\R2013a\bin\win64\mtok.dll
0x000000007a130000 - 0x000000007a158000 	C:\Program Files\MATLAB\R2013a\bin\win64\m_pcodegen.dll
0x0000000079fb0000 - 0x0000000079fdf000 	C:\Program Files\MATLAB\R2013a\bin\win64\libmwbridge.dll
0x0000000074f40000 - 0x0000000074ff6000 	C:\Program Files\MATLAB\R2013a\bin\win64\udd.dll
0x0000000073cc0000 - 0x0000000073e0e000 	C:\Program Files\MATLAB\R2013a\bin\win64\libmwgui.dll
0x000000007a1d0000 - 0x000000007a1f4000 	C:\Program Files\MATLAB\R2013a\bin\win64\graphics_util.dll
0x000007fef0f60000 - 0x000007fef1018000 	C:\Program Files\MATLAB\R2013a\bin\win64\libtex_base.dll
0x0000000005150000 - 0x0000000005a93000 	C:\Program Files\MATLAB\R2013a\bin\win64\hg.dll
0x0000000076100000 - 0x000000007615a000 	C:\Program Files\MATLAB\R2013a\bin\win64\libmat.dll
0x0000000072d30000 - 0x0000000072f38000 	C:\Program Files\MATLAB\R2013a\bin\win64\hdf5dll.dll
0x0000000075710000 - 0x00000000757d8000 	C:\Program Files\MATLAB\R2013a\bin\win64\jmi.dll
0x0000000005ab0000 - 0x0000000005abe000 	C:\Program Files\MATLAB\R2013a\bin\win64\nativejava_services.dll
0x0000000005ac0000 - 0x0000000005b00000 	C:\Program Files\MATLAB\R2013a\bin\win64\libmwhardcopy.dll
0x0000000075c70000 - 0x0000000075cce000 	C:\Program Files\MATLAB\R2013a\bin\win64\libuij.dll
0x0000000072f50000 - 0x000000007318f000 	C:\Program Files\MATLAB\R2013a\bin\win64\hgdatatypes.dll
0x0000000005b00000 - 0x0000000005beb000 	C:\Program Files\MATLAB\R2013a\bin\win64\hgutils.dll
0x0000000005bf0000 - 0x0000000005c9e000 	C:\Program Files\MATLAB\R2013a\bin\win64\udd_mi.dll
0x0000000005ca0000 - 0x0000000005cd6000 	C:\Program Files\MATLAB\R2013a\bin\win64\libmwgbtutils.dll
0x0000000005ce0000 - 0x0000000005cf4000 	C:\Program Files\MATLAB\R2013a\bin\win64\libmwgbt.dll
0x0000000005d00000 - 0x0000000005fce000 	C:\Program Files\MATLAB\R2013a\bin\win64\uiw.dll
0x0000000005fd0000 - 0x0000000005fd9000 	C:\Program Files\MATLAB\R2013a\bin\win64\uinone.dll
0x0000000005fe0000 - 0x0000000006006000 	C:\Program Files\MATLAB\R2013a\bin\win64\libmwnativefiledialogs.dll
0x0000000006010000 - 0x000000000601c000 	C:\Program Files\MATLAB\R2013a\bin\win64\libmwplatform_res.dll
0x000007fef8600000 - 0x000007fef8618000 	C:\Windows\system32\MPR.dll
0x0000000054f70000 - 0x00000000554cd000 	C:\Program Files\MATLAB\R2013a\bin\win64\mfc100.dll
0x000007fefbf00000 - 0x000007fefbf07000 	C:\Windows\system32\MSIMG32.dll
0x000007fefa890000 - 0x000007fefa901000 	C:\Windows\system32\WINSPOOL.DRV
0x0000000006020000 - 0x000000000603d000 	C:\Program Files\MATLAB\R2013a\bin\win64\mwoles05.DLL
0x0000000006040000 - 0x00000000060ac000 	C:\Program Files\MATLAB\R2013a\bin\win64\comcli.dll
0x000000006f170000 - 0x000000006f19b000 	C:\Program Files\MATLAB\R2013a\bin\win64\ATL100.DLL
0x00000000060b0000 - 0x00000000060bc000 	C:\Program Files\MATLAB\R2013a\bin\win64\mlautoregister.dll
0x00000000060c0000 - 0x0000000006216000 	C:\Program Files\MATLAB\R2013a\bin\win64\mvm.dll
0x000007feff270000 - 0x000007feff29e000 	C:\Windows\system32\IMM32.DLL
0x000007fefe1f0000 - 0x000007fefe2f9000 	C:\Windows\system32\MSCTF.dll
0x000007fefcc90000 - 0x000007fefccd0000 	C:\Windows\system32\nvinitx.dll
0x000000000f000000 - 0x000000000f006000 	C:\Program Files\NVIDIA Corporation\CoProcManager\_etoured.dll
0x000007fef5cd0000 - 0x000007fef5d24000 	C:\Program Files\NVIDIA Corporation\CoProcManager\nvd3d9wrapx.dll
0x000007fef5db0000 - 0x000007fef5df3000 	C:\Program Files\NVIDIA Corporation\CoProcManager\nvdxgiwrapx.dll
0x000007fefb590000 - 0x000007fefb5e6000 	C:\Windows\system32\UxTheme.dll

VM Arguments:
jvm_args: -XX:PermSize=32m -Xms64m -XX:NewRatio=3 -XX:MaxPermSize=128m -Xmx196m -XX:MaxDirectMemorySize=2147400000 -Dsun.java2d.noddraw=true -Dsun.awt.nopixfmt=true -Xshare:off -Xrs -Dsun.awt.disableMixing=true -Djava.library.path=C:\Program Files\MATLAB\R2013a\bin\win64;C:\Program Files\MATLAB\R2013a\sys\jxbrowser\win64\lib vfprintf abort 
java_command: <unknown>
Launcher Type: generic

Environment Variables:
PATH=C:\ProgramData\Oracle\Java\javapath;C:\Program Files (x86)\GTK2-Runtime\lib
USERNAME=Kyle
OS=Windows_NT
PROCESSOR_IDENTIFIER=Intel64 Family 6 Model 58 Stepping 9, GenuineIntel



---------------  S Y S T E M  ---------------

OS: Windows 7 Build 7601 Service Pack 1

CPU:total 4 (8 cores per cpu, 2 threads per core) family 6 model 58 stepping 9, cmov, cx8, fxsr, mmx, sse, sse2, sse3, ssse3, sse4.1, sse4.2, ht

Memory: 4k page, physical 6191468k(1897284k free), swap 23576596k(2908264k free)

vm_info: Java HotSpot(TM) 64-Bit Server VM (14.3-b01) for windows-amd64 JRE (1.6.0_17-b04), built on Oct 11 2009 00:46:08 by "java_re" with MS VC++ 8.0

time: Mon Feb 16 08:44:01 2015
elapsed time: 63647 seconds

