#
# A fatal error has been detected by the Java Runtime Environment:
#
#  EXCEPTION_ACCESS_VIOLATION (0xc0000005) at pc=0x000000000ed7c750, pid=9632, tid=11208
#
# JRE version: 6.0_17-b04
# Java VM: Java HotSpot(TM) 64-Bit Server VM (14.3-b01 mixed mode windows-amd64 )
# Problematic frame:
# C  0x000000000ed7c750
#
# If you would like to submit a bug report, please visit:
#   http://java.sun.com/webapps/bugreport/crash.jsp
# The crash happened outside the Java Virtual Machine in native code.
# See problematic frame for where to report the bug.
#

---------------  T H R E A D  ---------------

Current thread (0x0000000052426000):  JavaThread "AWT-EventQueue-0" [_thread_in_native, id=11208, stack(0x00000000c0000000,0x00000000c4000000)]

siginfo: ExceptionCode=0xc0000005, reading address 0x0000000000000008

Registers:
EAX=0x000000000000000d, EBX=0x00000000524261b8, ECX=0x0000000000000000, EDX=0xffffffffd50112d4
ESP=0x00000000c3ffe6b8, EBP=0x0000000063d25690, ESI=0x00000000524261b8, EDI=0x000000000f678510
EIP=0x000000000ed7c750, EFLAGS=0x0000000000010202

Top of Stack: (sp=0x00000000c3ffe6b8)
0x00000000c3ffe6b8:   000000000ed2589c 0000000000000000
0x00000000c3ffe6c8:   00000000524261b8 0000000063d25690
0x00000000c3ffe6d8:   00000000524261b8 000000004845e168
0x00000000c3ffe6e8:   00000000524261b8 0000000038329b40
0x00000000c3ffe6f8:   000000000ed03810 00000000524261b8
0x00000000c3ffe708:   00000000c3ffedb0 00000000c3ffed88
0x00000000c3ffe718:   0000000063d25690 0000000000000018
0x00000000c3ffe728:   000000000ed22151 0000000000000010
0x00000000c3ffe738:   00000000c3ffed90 0000000000000000
0x00000000c3ffe748:   00000000c3ffed88 0000000000000031
0x00000000c3ffe758:   0000000000000079 0000000000000000
0x00000000c3ffe768:   00000000346048d0 000000003414589a
0x00000000c3ffe778:   0000000040c61130 0000000040c54bd8
0x00000000c3ffe788:   00000000c3ffe788 000000004844d410
0x00000000c3ffe798:   0000000040ff0eb0 0000000600000000
0x00000000c3ffe7a8:   0000052b00000000 0000000041109ce0 

Instructions: (pc=0x000000000ed7c750)
0x000000000ed7c740:   48 8b 41 08 48 8b 80 18 0c 00 00 c3 cc cc cc cc
0x000000000ed7c750:   48 8b 49 08 48 85 c9 74 05 e9 72 f6 fd ff 33 c0 


Stack: [0x00000000c0000000,0x00000000c4000000],  sp=0x00000000c3ffe6b8,  free space=65529k
Native frames: (J=compiled Java code, j=interpreted, Vv=VM code, C=native code)
C  0x000000000ed7c750

Java frames: (J=compiled Java code, j=interpreted, Vv=VM code)
J  sun.java2d.windows.GDIBlitLoops.nativeBlit(Lsun/java2d/SurfaceData;Lsun/java2d/SurfaceData;Lsun/java2d/pipe/Region;IIIIIIIIIZ)V
J  sun.java2d.windows.GDIBlitLoops.Blit(Lsun/java2d/SurfaceData;Lsun/java2d/SurfaceData;Ljava/awt/Composite;Lsun/java2d/pipe/Region;IIIIII)V
J  sun.java2d.pipe.DrawImage.copyImage(Lsun/java2d/SunGraphics2D;Ljava/awt/Image;IILjava/awt/Color;Ljava/awt/image/ImageObserver;)Z
J  sun.java2d.SunGraphics2D.drawImage(Ljava/awt/Image;IILjava/awt/Color;Ljava/awt/image/ImageObserver;)Z
J  javax.swing.RepaintManager$PaintManager.paintDoubleBuffered(Ljavax/swing/JComponent;Ljava/awt/Image;Ljava/awt/Graphics;IIII)V
J  javax.swing.RepaintManager$PaintManager.paint(Ljavax/swing/JComponent;Ljavax/swing/JComponent;Ljava/awt/Graphics;IIII)Z
j  javax.swing.RepaintManager.paint(Ljavax/swing/JComponent;Ljavax/swing/JComponent;Ljava/awt/Graphics;IIII)V+52
J  javax.swing.JComponent.paint(Ljava/awt/Graphics;)V
j  java.awt.GraphicsCallback$PaintCallback.run(Ljava/awt/Component;Ljava/awt/Graphics;)V+2
j  sun.awt.SunGraphicsCallback.runOneComponent(Ljava/awt/Component;Ljava/awt/Rectangle;Ljava/awt/Graphics;Ljava/awt/Shape;I)V+155
j  sun.awt.SunGraphicsCallback.runComponents([Ljava/awt/Component;Ljava/awt/Graphics;I)V+104
j  java.awt.Container.paint(Ljava/awt/Graphics;)V+73
J  javax.swing.RepaintManager.paintDirtyRegions(Ljava/util/Map;)V
J  javax.swing.SystemEventQueueUtilities$ComponentWorkRequest.run()V
J  java.awt.EventDispatchThread.pumpOneEventForFilters(I)Z
J  java.awt.EventDispatchThread.pumpEventsForFilter(ILjava/awt/Conditional;Ljava/awt/EventFilter;)V
j  java.awt.EventDispatchThread.pumpEventsForHierarchy(ILjava/awt/Conditional;Ljava/awt/Component;)V+11
j  java.awt.EventDispatchThread.pumpEvents(ILjava/awt/Conditional;)V+4
j  java.awt.EventDispatchThread.pumpEvents(Ljava/awt/Conditional;)V+3
j  java.awt.EventDispatchThread.run()V+9
v  ~StubRoutines::call_stub

---------------  P R O C E S S  ---------------

Java Threads: ( => current thread )
  0x0000000051f69000 JavaThread "Browser Events Thread" daemon [_thread_blocked, id=9120, stack(0x0000000148030000,0x000000014c030000)]
  0x0000000051f6f000 JavaThread "Main message loop" daemon [_thread_in_native, id=1884, stack(0x0000000150030000,0x0000000154030000)]
  0x0000000051f6d800 JavaThread "Code Analyzer updating thread" [_thread_blocked, id=10508, stack(0x000000014c030000,0x0000000150030000)]
  0x0000000052427800 JavaThread "Code Analyzer updating thread" [_thread_blocked, id=10452, stack(0x000000012c000000,0x0000000130000000)]
  0x0000000052429800 JavaThread "Explorer NavigationContext request queue" daemon [_thread_blocked, id=1976, stack(0x000000001b010000,0x000000001f010000)]
  0x0000000051f68800 JavaThread "Code Analyzer updating thread" [_thread_blocked, id=10132, stack(0x000000009c000000,0x00000000a0000000)]
  0x0000000051f6c000 JavaThread "Swing-Shell" daemon [_thread_blocked, id=8124, stack(0x0000000168030000,0x000000016c030000)]
  0x0000000051f6a800 JavaThread "Prefs Updater" daemon [_thread_blocked, id=9460, stack(0x0000000110000000,0x0000000114000000)]
  0x0000000051f6b800 JavaThread "Foxtrot Single Worker Thread #1" daemon [_thread_blocked, id=8748, stack(0x0000000114000000,0x0000000118000000)]
  0x0000000052424800 JavaThread "Code Analyzer updating thread" [_thread_blocked, id=10008, stack(0x00000000b0000000,0x00000000b4000000)]
  0x0000000051f6c800 JavaThread "Timer-2" daemon [_thread_blocked, id=1400, stack(0x0000000124000000,0x0000000128000000)]
  0x0000000051f6a000 JavaThread "com.jniwrapper.NativeResourceCollector" daemon [_thread_blocked, id=11128, stack(0x0000000118000000,0x000000011c000000)]
  0x0000000052434000 JavaThread "Code Analyzer updating thread" [_thread_blocked, id=9188, stack(0x000000010c000000,0x0000000110000000)]
  0x0000000052433000 JavaThread "Code Analyzer updating thread" [_thread_blocked, id=5408, stack(0x0000000108000000,0x000000010c000000)]
  0x0000000052432800 JavaThread "Code Analyzer updating thread" [_thread_blocked, id=5204, stack(0x0000000104000000,0x0000000108000000)]
  0x0000000052431800 JavaThread "Code Analyzer updating thread" [_thread_blocked, id=10296, stack(0x0000000100000000,0x0000000104000000)]
  0x0000000052431000 JavaThread "Code Analyzer updating thread" [_thread_blocked, id=5524, stack(0x00000000fc000000,0x0000000100000000)]
  0x0000000052430800 JavaThread "Code Analyzer updating thread" [_thread_blocked, id=2204, stack(0x00000000f8000000,0x00000000fc000000)]
  0x000000005242f800 JavaThread "Code Analyzer updating thread" [_thread_blocked, id=3044, stack(0x00000000f4000000,0x00000000f8000000)]
  0x000000005242f000 JavaThread "Code Analyzer updating thread" [_thread_blocked, id=10684, stack(0x00000000f0000000,0x00000000f4000000)]
  0x000000005242e000 JavaThread "Active Reference Queue Daemon" daemon [_thread_blocked, id=6096, stack(0x00000000ec000000,0x00000000f0000000)]
  0x000000005242c800 JavaThread "Timer-1" daemon [_thread_blocked, id=9308, stack(0x00000000e8000000,0x00000000ec000000)]
  0x000000005242d800 JavaThread "ClipboardMonitor Timer" daemon [_thread_blocked, id=11088, stack(0x00000000dc000000,0x00000000e0000000)]
  0x000000005242c000 JavaThread "AddressBar directory emptiness poller" daemon [_thread_blocked, id=7888, stack(0x00000000e4000000,0x00000000e8000000)]
  0x000000005242b000 JavaThread "Explorer Refresh Service 332475715" daemon [_thread_blocked, id=8236, stack(0x00000000e0000000,0x00000000e4000000)]
  0x0000000052429000 JavaThread "Thread-4" daemon [_thread_blocked, id=8596, stack(0x0000000017010000,0x000000001b010000)]
  0x0000000052428800 JavaThread "TimerQueue" daemon [_thread_blocked, id=9060, stack(0x00000000d8000000,0x00000000dc000000)]
  0x0000000052427000 JavaThread "Thread-3" daemon [_thread_blocked, id=9696, stack(0x00000000d0000000,0x00000000d4000000)]
=>0x0000000052426000 JavaThread "AWT-EventQueue-0" [_thread_in_native, id=11208, stack(0x00000000c0000000,0x00000000c4000000)]
  0x0000000052425800 JavaThread "AWT-Shutdown" [_thread_blocked, id=1352, stack(0x00000000b8000000,0x00000000bc000000)]
  0x0000000051de3800 JavaThread "FelixPackageAdmin" daemon [_thread_blocked, id=11116, stack(0x00000000cc000000,0x00000000d0000000)]
  0x000000004fa7f800 JavaThread "FelixStartLevel" daemon [_thread_blocked, id=5544, stack(0x00000000c8000000,0x00000000cc000000)]
  0x000000004fa7f000 JavaThread "FelixDispatchQueue" daemon [_thread_blocked, id=10304, stack(0x00000000c4000000,0x00000000c8000000)]
  0x000000005183f000 JavaThread "com.google.common.base.internal.Finalizer" daemon [_thread_blocked, id=8256, stack(0x00000000bc000000,0x00000000c0000000)]
  0x000000005183d800 JavaThread "AWT-Windows" daemon [_thread_in_native, id=7032, stack(0x00000000b4000000,0x00000000b8000000)]
  0x000000005183c800 JavaThread "Java2D Disposer" daemon [_thread_blocked, id=9532, stack(0x00000000ac000000,0x00000000b0000000)]
  0x00000000519e8800 JavaThread "Timer-0" [_thread_blocked, id=5744, stack(0x00000000a8000000,0x00000000ac000000)]
  0x000000004feb4800 JavaThread "EventMgr Dispatcher" daemon [_thread_in_native, id=7356, stack(0x00000000a4000000,0x00000000a8000000)]
  0x000000000ebb3800 JavaThread "Low Memory Detector" daemon [_thread_blocked, id=9724, stack(0x0000000094000000,0x0000000098000000)]
  0x000000000ebac000 JavaThread "CompilerThread1" daemon [_thread_blocked, id=6384, stack(0x0000000090000000,0x0000000094000000)]
  0x000000000eba8000 JavaThread "CompilerThread0" daemon [_thread_blocked, id=10676, stack(0x000000008c000000,0x0000000090000000)]
  0x000000000eba3800 JavaThread "Attach Listener" daemon [_thread_blocked, id=3220, stack(0x0000000088000000,0x000000008c000000)]
  0x000000000eb46000 JavaThread "Finalizer" daemon [_thread_blocked, id=10800, stack(0x0000000084000000,0x0000000088000000)]
  0x000000000eb45000 JavaThread "Reference Handler" daemon [_thread_blocked, id=7848, stack(0x0000000080000000,0x0000000084000000)]
  0x00000000063ff000 JavaThread "main" [_thread_in_native, id=7876, stack(0x0000000000030000,0x0000000004030000)]

Other Threads:
  0x000000000eb41800 VMThread [stack: 0x00000000646b0000,0x00000000686b0000] [id=5340]
  0x000000000ebcf000 WatcherThread [stack: 0x0000000098000000,0x000000009c000000] [id=2792]

VM state:not at safepoint (normal execution)

VM Mutex/Monitor currently owned by a thread: None

Heap
 PSYoungGen      total 14784K, used 728K [0x0000000048440000, 0x0000000049440000, 0x000000004b540000)
  eden space 13184K, 1% used [0x0000000048440000,0x0000000048470700,0x0000000049120000)
  from space 1600K, 33% used [0x00000000492b0000,0x0000000049335938,0x0000000049440000)
  to   space 1600K, 0% used [0x0000000049120000,0x0000000049120000,0x00000000492b0000)
 PSOldGen        total 150528K, used 138383K [0x000000003f140000, 0x0000000048440000, 0x0000000048440000)
  object space 150528K, 91% used [0x000000003f140000,0x0000000047863e78,0x0000000048440000)
 PSPermGen       total 109632K, used 78843K [0x0000000037140000, 0x000000003dc50000, 0x000000003f140000)
  object space 109632K, 71% used [0x0000000037140000,0x000000003be3ec50,0x000000003dc50000)

Dynamic libraries:
0x0000000140000000 - 0x0000000140028000 	C:\Program Files\MATLAB\R2013a\bin\win64\MATLAB.exe
0x0000000076fa0000 - 0x0000000077149000 	C:\Windows\SYSTEM32\ntdll.dll
0x0000000076e80000 - 0x0000000076f9f000 	C:\Windows\system32\kernel32.dll
0x000007fefce20000 - 0x000007fefce8c000 	C:\Windows\system32\KERNELBASE.dll
0x0000000074460000 - 0x0000000074515000 	C:\Program Files\MATLAB\R2013a\bin\win64\libut.dll
0x00000000758a0000 - 0x000000007595f000 	C:\Program Files\MATLAB\R2013a\bin\win64\libmwi18n.dll
0x0000000180000000 - 0x000000018000d000 	C:\Program Files\MATLAB\R2013a\bin\win64\libmwresource_core.dll
0x000000006bdc0000 - 0x000000006be58000 	C:\Program Files\MATLAB\R2013a\bin\win64\MSVCP100.dll
0x000000006f150000 - 0x000000006f222000 	C:\Program Files\MATLAB\R2013a\bin\win64\MSVCR100.dll
0x0000000072c00000 - 0x0000000072c0e000 	C:\Program Files\MATLAB\R2013a\bin\win64\boost_date_time-vc100-mt-1_49.dll
0x0000000072bd0000 - 0x0000000072bfc000 	C:\Program Files\MATLAB\R2013a\bin\win64\boost_filesystem-vc100-mt-1_49.dll
0x0000000072bc0000 - 0x0000000072bc9000 	C:\Program Files\MATLAB\R2013a\bin\win64\boost_system-vc100-mt-1_49.dll
0x000007fefdfb0000 - 0x000007fefe08b000 	C:\Windows\system32\ADVAPI32.dll
0x000007fefd120000 - 0x000007fefd1bf000 	C:\Windows\system32\msvcrt.dll
0x000007fefd680000 - 0x000007fefd69f000 	C:\Windows\SYSTEM32\sechost.dll
0x000007fefda20000 - 0x000007fefdb4d000 	C:\Windows\system32\RPCRT4.dll
0x0000000072b90000 - 0x0000000072bb5000 	C:\Program Files\MATLAB\R2013a\bin\win64\LIBEXPAT.dll
0x000000006bc30000 - 0x000000006bdba000 	C:\Program Files\MATLAB\R2013a\bin\win64\icuin49.dll
0x000000006baf0000 - 0x000000006bc2e000 	C:\Program Files\MATLAB\R2013a\bin\win64\icuuc49.dll
0x0000000050570000 - 0x0000000051692000 	C:\Program Files\MATLAB\R2013a\bin\win64\icudt49.dll
0x0000000072b80000 - 0x0000000072b90000 	C:\Program Files\MATLAB\R2013a\bin\win64\icuio49.dll
0x0000000073f70000 - 0x0000000074112000 	C:\Program Files\MATLAB\R2013a\bin\win64\libmwfl.dll
0x000000007a350000 - 0x000000007a737000 	C:\Program Files\MATLAB\R2013a\bin\win64\libmwMATLAB_res.dll
0x00000000645d0000 - 0x00000000646af000 	C:\Program Files\MATLAB\R2013a\bin\win64\boost_regex-vc100-mt-1_49.dll
0x0000000076d80000 - 0x0000000076e7a000 	C:\Windows\system32\USER32.dll
0x000007fefd5c0000 - 0x000007fefd627000 	C:\Windows\system32\GDI32.dll
0x000007fefd5b0000 - 0x000007fefd5be000 	C:\Windows\system32\LPK.dll
0x000007fefd950000 - 0x000007fefda19000 	C:\Windows\system32\USP10.dll
0x0000000072310000 - 0x0000000072321000 	C:\Program Files\MATLAB\R2013a\bin\win64\boost_signals-vc100-mt-1_49.dll
0x00000000721f0000 - 0x0000000072201000 	C:\Program Files\MATLAB\R2013a\bin\win64\boost_thread-vc100-mt-1_49.dll
0x000007fef5cf0000 - 0x000007fef5d7c000 	C:\Program Files\MATLAB\R2013a\bin\win64\boost_log-vc100-mt-1_49.dll
0x0000000077170000 - 0x0000000077177000 	C:\Windows\system32\PSAPI.DLL
0x000007fefd630000 - 0x000007fefd67d000 	C:\Windows\system32\WS2_32.dll
0x000007feff2a0000 - 0x000007feff2a8000 	C:\Windows\system32\NSI.dll
0x000007fef5dc0000 - 0x000007fef5df3000 	C:\Program Files\MATLAB\R2013a\bin\win64\tbb.dll
0x000007fefd1c0000 - 0x000007fefd1d9000 	C:\Windows\system32\imagehlp.dll
0x000007fefade0000 - 0x000007fefae0c000 	C:\Windows\system32\POWRPROF.dll
0x000007feff090000 - 0x000007feff267000 	C:\Windows\system32\SETUPAPI.dll
0x000007fefce90000 - 0x000007fefcec6000 	C:\Windows\system32\CFGMGR32.dll
0x000007fefe090000 - 0x000007fefe167000 	C:\Windows\system32\OLEAUT32.dll
0x000007fefdda0000 - 0x000007fefdfa3000 	C:\Windows\system32\ole32.dll
0x000007fefcee0000 - 0x000007fefcefa000 	C:\Windows\system32\DEVOBJ.dll
0x0000000004200000 - 0x0000000004221000 	C:\Program Files\MATLAB\R2013a\bin\win64\libmwmfl_scalar.dll
0x000007fef4040000 - 0x000007fef4165000 	C:\Windows\system32\dbghelp.dll
0x0000000004230000 - 0x000000000455f000 	C:\Program Files\MATLAB\R2013a\bin\win64\libmwservices.dll
0x0000000075a20000 - 0x0000000075b0b000 	C:\Program Files\MATLAB\R2013a\bin\win64\libmx.dll
0x000007fef5ed0000 - 0x000007fef5ef8000 	C:\Program Files\MATLAB\R2013a\bin\win64\tbbmalloc.dll
0x0000000071750000 - 0x0000000071767000 	C:\Program Files\MATLAB\R2013a\bin\win64\zlib1.dll
0x0000000004560000 - 0x00000000045ae000 	C:\Program Files\MATLAB\R2013a\bin\win64\libmwregexp.dll
0x0000000075f10000 - 0x0000000075f57000 	C:\Program Files\MATLAB\R2013a\bin\win64\mpath.dll
0x000000007b680000 - 0x000000007bc66000 	C:\Program Files\MATLAB\R2013a\bin\win64\mlutil.dll
0x00000000754d0000 - 0x0000000075547000 	C:\Program Files\MATLAB\R2013a\bin\win64\xmlcore.dll
0x0000000056a60000 - 0x0000000056ca1000 	C:\Program Files\MATLAB\R2013a\bin\win64\xerces-c_2_7.dll
0x00000000045c0000 - 0x00000000045e2000 	C:\Program Files\MATLAB\R2013a\bin\win64\libmwMATLAB_settings_res.dll
0x000007fefa3d0000 - 0x000007fefa3e0000 	C:\Program Files\MATLAB\R2013a\bin\win64\boost_iostreams-vc100-mt-1_49.dll
0x000007fef5ca0000 - 0x000007fef5ce6000 	C:\Program Files\MATLAB\R2013a\bin\win64\boost_serialization-vc100-mt-1_49.dll
0x000007fefe300000 - 0x000007feff088000 	C:\Windows\system32\SHELL32.dll
0x000007fefe170000 - 0x000007fefe1e1000 	C:\Windows\system32\SHLWAPI.dll
0x00000000045f0000 - 0x00000000045f6000 	C:\Program Files\MATLAB\R2013a\bin\win64\libmwnativedisplay.dll
0x000007fef9690000 - 0x000007fef9730000 	C:\Windows\WinSxS\amd64_microsoft.windows.common-controls_6595b64144ccf1df_5.82.7601.18201_none_a4d3b9377117c3df\COMCTL32.dll
0x000007fefd510000 - 0x000007fefd5a7000 	C:\Windows\system32\COMDLG32.dll
0x000007fef9e40000 - 0x000007fef9e56000 	C:\Windows\system32\NETAPI32.dll
0x000007fef9e30000 - 0x000007fef9e3c000 	C:\Windows\system32\netutils.dll
0x000007fefc800000 - 0x000007fefc823000 	C:\Windows\system32\srvcli.dll
0x000007fef9e10000 - 0x000007fef9e25000 	C:\Windows\system32\wkscli.dll
0x0000000074970000 - 0x0000000074a18000 	C:\Program Files\MATLAB\R2013a\bin\win64\mcr.dll
0x0000000075000000 - 0x00000000753b1000 	C:\Program Files\MATLAB\R2013a\bin\win64\iqm.dll
0x0000000074e80000 - 0x0000000074f30000 	C:\Program Files\MATLAB\R2013a\bin\win64\m_dispatcher.dll
0x0000000004600000 - 0x0000000004e08000 	C:\Program Files\MATLAB\R2013a\bin\win64\m_interpreter.dll
0x0000000004e10000 - 0x0000000004e34000 	C:\Program Files\MATLAB\R2013a\bin\win64\libmex.dll
0x0000000075430000 - 0x00000000754ab000 	C:\Program Files\MATLAB\R2013a\bin\win64\profiler.dll
0x0000000004e40000 - 0x00000000050c3000 	C:\Program Files\MATLAB\R2013a\bin\win64\libmwmathutil.dll
0x0000000079f40000 - 0x0000000079f66000 	C:\Program Files\MATLAB\R2013a\bin\win64\libmwmathrng.dll
0x00000000050d0000 - 0x00000000050e0000 	C:\Program Files\MATLAB\R2013a\bin\win64\libmwmfl_rng.dll
0x0000000074c10000 - 0x0000000074cf8000 	C:\Program Files\MATLAB\R2013a\bin\win64\libmwmathcore.dll
0x0000000076160000 - 0x00000000761c3000 	C:\Program Files\MATLAB\R2013a\bin\win64\libmwspmatrix.dll
0x000000007b0a0000 - 0x000000007b2f6000 	C:\Program Files\MATLAB\R2013a\bin\win64\mcos.dll
0x0000000075ea0000 - 0x0000000075f02000 	C:\Program Files\MATLAB\R2013a\bin\win64\libmwcholmod.dll
0x00000000050f0000 - 0x00000000050fd000 	C:\Program Files\MATLAB\R2013a\bin\win64\libmwamd.dll
0x000000006eb90000 - 0x000000006ec33000 	C:\Windows\WinSxS\amd64_microsoft.vc90.crt_1fc8b3b9a1e18e3b_9.0.30729.6161_none_08e61857a83bc251\MSVCR90.dll
0x0000000005110000 - 0x000000000511c000 	C:\Program Files\MATLAB\R2013a\bin\win64\libmwcolamd.dll
0x000000007a290000 - 0x000000007a2a3000 	C:\Program Files\MATLAB\R2013a\bin\win64\libmwblas.dll
0x000000007a310000 - 0x000000007a325000 	C:\Program Files\MATLAB\R2013a\bin\win64\libmwbinder.dll
0x0000000005130000 - 0x000000000513b000 	C:\Program Files\MATLAB\R2013a\bin\win64\libmwompwrapper.dll
0x0000000075820000 - 0x000000007589e000 	C:\Program Files\MATLAB\R2013a\bin\win64\libmwlapack.dll
0x000000007a1b0000 - 0x000000007a1d0000 	C:\Program Files\MATLAB\R2013a\bin\win64\m_pcodeio.dll
0x0000000079b10000 - 0x0000000079b6c000 	C:\Program Files\MATLAB\R2013a\bin\win64\m_ir.dll
0x0000000078ed0000 - 0x0000000079579000 	C:\Program Files\MATLAB\R2013a\bin\win64\m_parser.dll
0x000000007a2f0000 - 0x000000007a307000 	C:\Program Files\MATLAB\R2013a\bin\win64\ir_xfmr.dll
0x0000000005140000 - 0x0000000005150000 	C:\Program Files\MATLAB\R2013a\bin\win64\mtok.dll
0x000000007a130000 - 0x000000007a158000 	C:\Program Files\MATLAB\R2013a\bin\win64\m_pcodegen.dll
0x0000000079fb0000 - 0x0000000079fdf000 	C:\Program Files\MATLAB\R2013a\bin\win64\libmwbridge.dll
0x0000000074f40000 - 0x0000000074ff6000 	C:\Program Files\MATLAB\R2013a\bin\win64\udd.dll
0x0000000073cc0000 - 0x0000000073e0e000 	C:\Program Files\MATLAB\R2013a\bin\win64\libmwgui.dll
0x000000007a1d0000 - 0x000000007a1f4000 	C:\Program Files\MATLAB\R2013a\bin\win64\graphics_util.dll
0x000007fef58b0000 - 0x000007fef5968000 	C:\Program Files\MATLAB\R2013a\bin\win64\libtex_base.dll
0x0000000005150000 - 0x0000000005a93000 	C:\Program Files\MATLAB\R2013a\bin\win64\hg.dll
0x0000000076100000 - 0x000000007615a000 	C:\Program Files\MATLAB\R2013a\bin\win64\libmat.dll
0x0000000072d30000 - 0x0000000072f38000 	C:\Program Files\MATLAB\R2013a\bin\win64\hdf5dll.dll
0x0000000075710000 - 0x00000000757d8000 	C:\Program Files\MATLAB\R2013a\bin\win64\jmi.dll
0x0000000005ab0000 - 0x0000000005abe000 	C:\Program Files\MATLAB\R2013a\bin\win64\nativejava_services.dll
0x0000000005ac0000 - 0x0000000005b00000 	C:\Program Files\MATLAB\R2013a\bin\win64\libmwhardcopy.dll
0x0000000075c70000 - 0x0000000075cce000 	C:\Program Files\MATLAB\R2013a\bin\win64\libuij.dll
0x0000000072f50000 - 0x000000007318f000 	C:\Program Files\MATLAB\R2013a\bin\win64\hgdatatypes.dll
0x0000000005b00000 - 0x0000000005beb000 	C:\Program Files\MATLAB\R2013a\bin\win64\hgutils.dll
0x0000000005bf0000 - 0x0000000005c9e000 	C:\Program Files\MATLAB\R2013a\bin\win64\udd_mi.dll
0x0000000005ca0000 - 0x0000000005cd6000 	C:\Program Files\MATLAB\R2013a\bin\win64\libmwgbtutils.dll
0x0000000005ce0000 - 0x0000000005cf4000 	C:\Program Files\MATLAB\R2013a\bin\win64\libmwgbt.dll
0x0000000005d00000 - 0x0000000005fce000 	C:\Program Files\MATLAB\R2013a\bin\win64\uiw.dll
0x0000000005fd0000 - 0x0000000005fd9000 	C:\Program Files\MATLAB\R2013a\bin\win64\uinone.dll
0x0000000005fe0000 - 0x0000000006006000 	C:\Program Files\MATLAB\R2013a\bin\win64\libmwnativefiledialogs.dll
0x0000000006010000 - 0x000000000601c000 	C:\Program Files\MATLAB\R2013a\bin\win64\libmwplatform_res.dll
0x000007fef8600000 - 0x000007fef8618000 	C:\Windows\system32\MPR.dll
0x0000000054600000 - 0x0000000054b5d000 	C:\Program Files\MATLAB\R2013a\bin\win64\mfc100.dll
0x000007fefbf00000 - 0x000007fefbf07000 	C:\Windows\system32\MSIMG32.dll
0x000007fefa890000 - 0x000007fefa901000 	C:\Windows\system32\WINSPOOL.DRV
0x0000000006020000 - 0x000000000603d000 	C:\Program Files\MATLAB\R2013a\bin\win64\mwoles05.DLL
0x0000000006040000 - 0x00000000060ac000 	C:\Program Files\MATLAB\R2013a\bin\win64\comcli.dll
0x000000006c7d0000 - 0x000000006c7fb000 	C:\Program Files\MATLAB\R2013a\bin\win64\ATL100.DLL
0x00000000060b0000 - 0x00000000060bc000 	C:\Program Files\MATLAB\R2013a\bin\win64\mlautoregister.dll
0x00000000060c0000 - 0x0000000006216000 	C:\Program Files\MATLAB\R2013a\bin\win64\mvm.dll
0x000007feff270000 - 0x000007feff29e000 	C:\Windows\system32\IMM32.DLL
0x000007fefe1f0000 - 0x000007fefe2f9000 	C:\Windows\system32\MSCTF.dll
0x000007fefcc90000 - 0x000007fefccd0000 	C:\Windows\system32\nvinitx.dll
0x000000000f000000 - 0x000000000f006000 	C:\Program Files\NVIDIA Corporation\CoProcManager\_etoured.dll
0x000007fef59d0000 - 0x000007fef5a24000 	C:\Program Files\NVIDIA Corporation\CoProcManager\nvd3d9wrapx.dll
0x000007fef5860000 - 0x000007fef58a3000 	C:\Program Files\NVIDIA Corporation\CoProcManager\nvdxgiwrapx.dll
0x000007fefb590000 - 0x000007fefb5e6000 	C:\Windows\system32\UxTheme.dll

VM Arguments:
jvm_args: -XX:PermSize=32m -Xms64m -XX:NewRatio=3 -XX:MaxPermSize=128m -Xmx196m -XX:MaxDirectMemorySize=2147400000 -Dsun.java2d.noddraw=true -Dsun.awt.nopixfmt=true -Xshare:off -Xrs -Dsun.awt.disableMixing=true -Djava.library.path=C:\Program Files\MATLAB\R2013a\bin\win64;C:\Program Files\MATLAB\R2013a\sys\jxbrowser\win64\lib vfprintf abort 
java_command: <unknown>
Launcher Type: generic

Environment Variables:
PATH=C:\ProgramData\Oracle\Java\javapath;C:\Program Files (x86)\GTK2-Runtime\lib
USERNAME=Kyle
OS=Windows_NT
PROCESSOR_IDENTIFIER=Intel64 Family 6 Model 58 Stepping 9, GenuineIntel



---------------  S Y S T E M  ---------------

OS: Windows 7 Build 7601 Service Pack 1

CPU:total 4 (8 cores per cpu, 2 threads per core) family 6 model 58 stepping 9, cmov, cx8, fxsr, mmx, sse, sse2, sse3, ssse3, sse4.1, sse4.2, ht

Memory: 4k page, physical 6191468k(1051872k free), swap 19902496k(1978980k free)

vm_info: Java HotSpot(TM) 64-Bit Server VM (14.3-b01) for windows-amd64 JRE (1.6.0_17-b04), built on Oct 11 2009 00:46:08 by "java_re" with MS VC++ 8.0

time: Sat Feb 14 18:54:56 2015
elapsed time: 339421 seconds

