#
# A fatal error has been detected by the Java Runtime Environment:
#
#  EXCEPTION_ACCESS_VIOLATION (0xc0000005) at pc=0x000000000ee0c750, pid=13208, tid=6396
#
# JRE version: 6.0_17-b04
# Java VM: Java HotSpot(TM) 64-Bit Server VM (14.3-b01 mixed mode windows-amd64 )
# Problematic frame:
# C  0x000000000ee0c750
#
# If you would like to submit a bug report, please visit:
#   http://java.sun.com/webapps/bugreport/crash.jsp
# The crash happened outside the Java Virtual Machine in native code.
# See problematic frame for where to report the bug.
#

---------------  T H R E A D  ---------------

Current thread (0x0000000060391000):  JavaThread "AWT-EventQueue-0" [_thread_in_native, id=6396, stack(0x00000000b0000000,0x00000000b4000000)]

siginfo: ExceptionCode=0xc0000005, reading address 0x0000000000000008

Registers:
EAX=0x000000000000000d, EBX=0x00000000603911b8, ECX=0x0000000000000000, EDX=0x00000000500116e0
ESP=0x00000000b3ffe5d8, EBP=0x000000006fcf52e0, ESI=0x00000000603911b8, EDI=0x00000000602a9b10
EIP=0x000000000ee0c750, EFLAGS=0x0000000000010202

Top of Stack: (sp=0x00000000b3ffe5d8)
0x00000000b3ffe5d8:   000000000edb589c 0000000000000000
0x00000000b3ffe5e8:   00000000603911b8 000000006fcf52e0
0x00000000b3ffe5f8:   00000000603911b8 00000000456a31b0
0x00000000b3ffe608:   00000000603911b8 00000000380359e0
0x00000000b3ffe618:   000000000ed93810 00000000603911b8
0x00000000b3ffe628:   00000000b3ffecd0 00000000b3ffeca8
0x00000000b3ffe638:   000000006fcf52e0 0000000000000014
0x00000000b3ffe648:   000000000edb2151 000000000000001c
0x00000000b3ffe658:   00000000b3ffecb0 0000000000000000
0x00000000b3ffe668:   00000000b3ffeca8 00000000456b8700
0x00000000b3ffe678:   00000000456b8700 00000000456a3008
0x00000000b3ffe688:   00000000407ea328 0000000033ed5008
0x00000000b3ffe698:   0000000000000001 000000003d841118
0x00000000b3ffe6a8:   0000000100000000 0000000000000000
0x00000000b3ffe6b8:   000000003d10c5b8 0000000000000031
0x00000000b3ffe6c8:   00000000456a2f30 0000000000000000 

Instructions: (pc=0x000000000ee0c750)
0x000000000ee0c740:   48 8b 41 08 48 8b 80 18 0c 00 00 c3 cc cc cc cc
0x000000000ee0c750:   48 8b 49 08 48 85 c9 74 05 e9 72 f6 fd ff 33 c0 


Stack: [0x00000000b0000000,0x00000000b4000000],  sp=0x00000000b3ffe5d8,  free space=65529k
Native frames: (J=compiled Java code, j=interpreted, Vv=VM code, C=native code)
C  0x000000000ee0c750

Java frames: (J=compiled Java code, j=interpreted, Vv=VM code)
J  sun.java2d.windows.GDIBlitLoops.nativeBlit(Lsun/java2d/SurfaceData;Lsun/java2d/SurfaceData;Lsun/java2d/pipe/Region;IIIIIIIIIZ)V
J  sun.java2d.windows.GDIBlitLoops.Blit(Lsun/java2d/SurfaceData;Lsun/java2d/SurfaceData;Ljava/awt/Composite;Lsun/java2d/pipe/Region;IIIIII)V
J  sun.java2d.pipe.DrawImage.copyImage(Lsun/java2d/SunGraphics2D;Ljava/awt/Image;IILjava/awt/Color;Ljava/awt/image/ImageObserver;)Z
J  sun.java2d.SunGraphics2D.drawImage(Ljava/awt/Image;IILjava/awt/Color;Ljava/awt/image/ImageObserver;)Z
J  javax.swing.RepaintManager$PaintManager.paintDoubleBuffered(Ljavax/swing/JComponent;Ljava/awt/Image;Ljava/awt/Graphics;IIII)V
J  javax.swing.RepaintManager$PaintManager.paint(Ljavax/swing/JComponent;Ljavax/swing/JComponent;Ljava/awt/Graphics;IIII)Z
j  javax.swing.RepaintManager.paint(Ljavax/swing/JComponent;Ljavax/swing/JComponent;Ljava/awt/Graphics;IIII)V+52
J  javax.swing.JComponent.paint(Ljava/awt/Graphics;)V
j  java.awt.GraphicsCallback$PaintCallback.run(Ljava/awt/Component;Ljava/awt/Graphics;)V+2
j  sun.awt.SunGraphicsCallback.runOneComponent(Ljava/awt/Component;Ljava/awt/Rectangle;Ljava/awt/Graphics;Ljava/awt/Shape;I)V+155
j  sun.awt.SunGraphicsCallback.runComponents([Ljava/awt/Component;Ljava/awt/Graphics;I)V+104
j  java.awt.Container.paint(Ljava/awt/Graphics;)V+73
J  javax.swing.RepaintManager.paintDirtyRegions(Ljava/util/Map;)V
J  javax.swing.SystemEventQueueUtilities$ComponentWorkRequest.run()V
J  java.awt.event.InvocationEvent.dispatch()V
J  java.awt.EventDispatchThread.pumpOneEventForFilters(I)Z
J  java.awt.EventDispatchThread.pumpEventsForFilter(ILjava/awt/Conditional;Ljava/awt/EventFilter;)V
j  java.awt.EventDispatchThread.pumpEventsForHierarchy(ILjava/awt/Conditional;Ljava/awt/Component;)V+11
j  java.awt.EventDispatchThread.pumpEvents(ILjava/awt/Conditional;)V+4
j  java.awt.EventDispatchThread.pumpEvents(Ljava/awt/Conditional;)V+3
j  java.awt.EventDispatchThread.run()V+9
v  ~StubRoutines::call_stub

---------------  P R O C E S S  ---------------

Java Threads: ( => current thread )
  0x000000006f8ab000 JavaThread "Image Fetcher 1" daemon [_thread_blocked, id=6036, stack(0x0000000105fa0000,0x0000000109fa0000)]
  0x000000006f8a9800 JavaThread "Image Fetcher 0" daemon [_thread_blocked, id=12380, stack(0x0000000101fa0000,0x0000000105fa0000)]
  0x000000006f8ad800 JavaThread "Code Analyzer updating thread" [_thread_blocked, id=4752, stack(0x00000000f6f70000,0x00000000faf70000)]
  0x000000006f8b0000 JavaThread "Prefs Updater" daemon [_thread_blocked, id=8736, stack(0x00000000f2f70000,0x00000000f6f70000)]
  0x000000006f8af000 JavaThread "Code Analyzer updating thread" [_thread_blocked, id=9324, stack(0x00000000edfa0000,0x00000000f1fa0000)]
  0x0000000060395800 JavaThread "RecordlistTable Timer" daemon [_thread_blocked, id=9796, stack(0x00000000a0000000,0x00000000a4000000)]
  0x000000006f8ad000 JavaThread "Code Analyzer updating thread" [_thread_blocked, id=2864, stack(0x0000000140030000,0x0000000144030000)]
  0x000000006f8ac800 JavaThread "Active Reference Queue Daemon" daemon [_thread_blocked, id=9276, stack(0x0000000139fa0000,0x000000013dfa0000)]
  0x000000006f8ab800 JavaThread "Timer-2" daemon [_thread_blocked, id=12776, stack(0x0000000135fa0000,0x0000000139fa0000)]
  0x000000006039d800 JavaThread "Swing-Shell" daemon [_thread_blocked, id=12792, stack(0x00000000fdfa0000,0x0000000101fa0000)]
  0x000000006f8aa000 JavaThread "Timer-1" daemon [_thread_blocked, id=13180, stack(0x0000000111fa0000,0x0000000115fa0000)]
  0x0000000060393800 JavaThread "com.jniwrapper.NativeResourceCollector" daemon [_thread_blocked, id=9984, stack(0x00000000d8fd0000,0x00000000dcfd0000)]
  0x0000000060399000 JavaThread "ClipboardMonitor Timer" daemon [_thread_blocked, id=8180, stack(0x00000000dcfd0000,0x00000000e0fd0000)]
  0x0000000060396000 JavaThread "Explorer NavigationContext request queue" daemon [_thread_blocked, id=4360, stack(0x0000000013010000,0x0000000017010000)]
  0x0000000060397800 JavaThread "AddressBar directory emptiness poller" daemon [_thread_blocked, id=9376, stack(0x00000000e5fa0000,0x00000000e9fa0000)]
  0x0000000060397000 JavaThread "Explorer Refresh Service 263715195" daemon [_thread_blocked, id=9492, stack(0x00000000e1fa0000,0x00000000e5fa0000)]
  0x0000000060394000 JavaThread "Thread-4" daemon [_thread_blocked, id=10324, stack(0x00000000d4fd0000,0x00000000d8fd0000)]
  0x0000000060392800 JavaThread "TimerQueue" daemon [_thread_blocked, id=11076, stack(0x00000000cc000000,0x00000000d0000000)]
  0x0000000060392000 JavaThread "Thread-3" daemon [_thread_blocked, id=9628, stack(0x00000000b4000000,0x00000000b8000000)]
=>0x0000000060391000 JavaThread "AWT-EventQueue-0" [_thread_in_native, id=6396, stack(0x00000000b0000000,0x00000000b4000000)]
  0x0000000060390800 JavaThread "AWT-Shutdown" [_thread_blocked, id=5872, stack(0x00000000a8000000,0x00000000ac000000)]
  0x000000006038f000 JavaThread "FelixPackageAdmin" daemon [_thread_blocked, id=9856, stack(0x00000000c8000000,0x00000000cc000000)]
  0x0000000060617800 JavaThread "FelixStartLevel" daemon [_thread_blocked, id=7564, stack(0x00000000c4000000,0x00000000c8000000)]
  0x0000000060311800 JavaThread "FelixDispatchQueue" daemon [_thread_blocked, id=1552, stack(0x00000000b8000000,0x00000000bc000000)]
  0x000000005fbc2800 JavaThread "com.google.common.base.internal.Finalizer" daemon [_thread_blocked, id=8284, stack(0x00000000ac000000,0x00000000b0000000)]
  0x000000005fbf8000 JavaThread "AWT-Windows" daemon [_thread_in_native, id=11872, stack(0x00000000a4000000,0x00000000a8000000)]
  0x0000000053b44000 JavaThread "Java2D Disposer" daemon [_thread_blocked, id=9616, stack(0x000000009c000000,0x00000000a0000000)]
  0x0000000053cf6000 JavaThread "Timer-0" [_thread_blocked, id=10828, stack(0x0000000098000000,0x000000009c000000)]
  0x0000000053cfa000 JavaThread "EventMgr Dispatcher" daemon [_thread_in_native, id=8524, stack(0x0000000094000000,0x0000000098000000)]
  0x000000000ec43800 JavaThread "Low Memory Detector" daemon [_thread_blocked, id=3900, stack(0x000000008c000000,0x0000000090000000)]
  0x000000000ec42000 JavaThread "CompilerThread1" daemon [_thread_blocked, id=11568, stack(0x0000000088000000,0x000000008c000000)]
  0x000000000ec35000 JavaThread "CompilerThread0" daemon [_thread_blocked, id=6768, stack(0x0000000084000000,0x0000000088000000)]
  0x000000000ec2f800 JavaThread "Attach Listener" daemon [_thread_blocked, id=9420, stack(0x0000000080000000,0x0000000084000000)]
  0x000000000ebd6000 JavaThread "Finalizer" daemon [_thread_blocked, id=5324, stack(0x000000006a000000,0x000000006e000000)]
  0x000000000ebd4800 JavaThread "Reference Handler" daemon [_thread_blocked, id=10556, stack(0x0000000063570000,0x0000000067570000)]
  0x000000000649e800 JavaThread "main" [_thread_in_native, id=10876, stack(0x0000000000030000,0x0000000004030000)]

Other Threads:
  0x000000000ebd1800 VMThread [stack: 0x0000000059e70000,0x000000005de70000] [id=9748]
  0x000000000ec91800 WatcherThread [stack: 0x0000000090000000,0x0000000094000000] [id=2304]

VM state:not at safepoint (normal execution)

VM Mutex/Monitor currently owned by a thread: None

Heap
 PSYoungGen      total 44224K, used 13278K [0x00000000449d0000, 0x0000000047ad0000, 0x0000000047ad0000)
  eden space 38912K, 34% used [0x00000000449d0000,0x00000000456bfbc0,0x0000000046fd0000)
  from space 5312K, 0% used [0x0000000046fd0000,0x0000000046fd8000,0x0000000047500000)
  to   space 5120K, 0% used [0x00000000475d0000,0x00000000475d0000,0x0000000047ad0000)
 PSOldGen        total 108672K, used 90875K [0x000000003b6d0000, 0x00000000420f0000, 0x00000000449d0000)
  object space 108672K, 83% used [0x000000003b6d0000,0x0000000040f8ed98,0x00000000420f0000)
 PSPermGen       total 119488K, used 75063K [0x00000000336d0000, 0x000000003ab80000, 0x000000003b6d0000)
  object space 119488K, 62% used [0x00000000336d0000,0x000000003801dd00,0x000000003ab80000)

Dynamic libraries:
0x0000000140000000 - 0x0000000140028000 	C:\Program Files\MATLAB\R2013a\bin\win64\MATLAB.exe
0x00000000772c0000 - 0x0000000077469000 	C:\Windows\SYSTEM32\ntdll.dll
0x00000000771a0000 - 0x00000000772bf000 	C:\Windows\system32\kernel32.dll
0x000007fefd370000 - 0x000007fefd3dc000 	C:\Windows\system32\KERNELBASE.dll
0x0000000074460000 - 0x0000000074515000 	C:\Program Files\MATLAB\R2013a\bin\win64\libut.dll
0x00000000758a0000 - 0x000000007595f000 	C:\Program Files\MATLAB\R2013a\bin\win64\libmwi18n.dll
0x0000000180000000 - 0x000000018000d000 	C:\Program Files\MATLAB\R2013a\bin\win64\libmwresource_core.dll
0x0000000067ec0000 - 0x0000000067f58000 	C:\Program Files\MATLAB\R2013a\bin\win64\MSVCP100.dll
0x0000000062390000 - 0x0000000062462000 	C:\Program Files\MATLAB\R2013a\bin\win64\MSVCR100.dll
0x0000000071870000 - 0x000000007187e000 	C:\Program Files\MATLAB\R2013a\bin\win64\boost_date_time-vc100-mt-1_49.dll
0x0000000069e90000 - 0x0000000069ebc000 	C:\Program Files\MATLAB\R2013a\bin\win64\boost_filesystem-vc100-mt-1_49.dll
0x000000006ef00000 - 0x000000006ef09000 	C:\Program Files\MATLAB\R2013a\bin\win64\boost_system-vc100-mt-1_49.dll
0x000007fefd800000 - 0x000007fefd8db000 	C:\Windows\system32\ADVAPI32.dll
0x000007fefdbd0000 - 0x000007fefdc6f000 	C:\Windows\system32\msvcrt.dll
0x000007fefd4c0000 - 0x000007fefd4df000 	C:\Windows\SYSTEM32\sechost.dll
0x000007fefd8f0000 - 0x000007fefda1d000 	C:\Windows\system32\RPCRT4.dll
0x0000000069d90000 - 0x0000000069db5000 	C:\Program Files\MATLAB\R2013a\bin\win64\LIBEXPAT.dll
0x0000000061a60000 - 0x0000000061bea000 	C:\Program Files\MATLAB\R2013a\bin\win64\icuin49.dll
0x0000000061920000 - 0x0000000061a5e000 	C:\Program Files\MATLAB\R2013a\bin\win64\icuuc49.dll
0x0000000054d40000 - 0x0000000055e62000 	C:\Program Files\MATLAB\R2013a\bin\win64\icudt49.dll
0x000000006eef0000 - 0x000000006ef00000 	C:\Program Files\MATLAB\R2013a\bin\win64\icuio49.dll
0x0000000073f70000 - 0x0000000074112000 	C:\Program Files\MATLAB\R2013a\bin\win64\libmwfl.dll
0x000000007a350000 - 0x000000007a737000 	C:\Program Files\MATLAB\R2013a\bin\win64\libmwMATLAB_res.dll
0x000000005f8d0000 - 0x000000005f9af000 	C:\Program Files\MATLAB\R2013a\bin\win64\boost_regex-vc100-mt-1_49.dll
0x00000000770a0000 - 0x000000007719a000 	C:\Windows\system32\USER32.dll
0x000007fefd790000 - 0x000007fefd7f7000 	C:\Windows\system32\GDI32.dll
0x000007feff560000 - 0x000007feff56e000 	C:\Windows\system32\LPK.dll
0x000007fefd4e0000 - 0x000007fefd5a9000 	C:\Windows\system32\USP10.dll
0x00000000697f0000 - 0x0000000069801000 	C:\Program Files\MATLAB\R2013a\bin\win64\boost_signals-vc100-mt-1_49.dll
0x0000000068cf0000 - 0x0000000068d01000 	C:\Program Files\MATLAB\R2013a\bin\win64\boost_thread-vc100-mt-1_49.dll
0x000007fef5360000 - 0x000007fef53ec000 	C:\Program Files\MATLAB\R2013a\bin\win64\boost_log-vc100-mt-1_49.dll
0x0000000077480000 - 0x0000000077487000 	C:\Windows\system32\PSAPI.DLL
0x000007fefe320000 - 0x000007fefe36d000 	C:\Windows\system32\WS2_32.dll
0x000007fefd8e0000 - 0x000007fefd8e8000 	C:\Windows\system32\NSI.dll
0x000007fef63e0000 - 0x000007fef6413000 	C:\Program Files\MATLAB\R2013a\bin\win64\tbb.dll
0x000007fefe370000 - 0x000007fefe389000 	C:\Windows\system32\imagehlp.dll
0x000007fefb210000 - 0x000007fefb23c000 	C:\Windows\system32\POWRPROF.dll
0x000007fefd5b0000 - 0x000007fefd787000 	C:\Windows\system32\SETUPAPI.dll
0x000007fefd400000 - 0x000007fefd436000 	C:\Windows\system32\CFGMGR32.dll
0x000007fefe240000 - 0x000007fefe317000 	C:\Windows\system32\OLEAUT32.dll
0x000007feff2b0000 - 0x000007feff4b3000 	C:\Windows\system32\ole32.dll
0x000007fefd260000 - 0x000007fefd27a000 	C:\Windows\system32\DEVOBJ.dll
0x0000000004220000 - 0x0000000004241000 	C:\Program Files\MATLAB\R2013a\bin\win64\libmwmfl_scalar.dll
0x000007fefa990000 - 0x000007fefaab5000 	C:\Windows\system32\dbghelp.dll
0x0000000004250000 - 0x000000000457f000 	C:\Program Files\MATLAB\R2013a\bin\win64\libmwservices.dll
0x0000000075a20000 - 0x0000000075b0b000 	C:\Program Files\MATLAB\R2013a\bin\win64\libmx.dll
0x000007fef9bc0000 - 0x000007fef9be8000 	C:\Program Files\MATLAB\R2013a\bin\win64\tbbmalloc.dll
0x0000000068cd0000 - 0x0000000068ce7000 	C:\Program Files\MATLAB\R2013a\bin\win64\zlib1.dll
0x0000000004580000 - 0x00000000045ce000 	C:\Program Files\MATLAB\R2013a\bin\win64\libmwregexp.dll
0x0000000075f10000 - 0x0000000075f57000 	C:\Program Files\MATLAB\R2013a\bin\win64\mpath.dll
0x000000007b680000 - 0x000000007bc66000 	C:\Program Files\MATLAB\R2013a\bin\win64\mlutil.dll
0x00000000754d0000 - 0x0000000075547000 	C:\Program Files\MATLAB\R2013a\bin\win64\xmlcore.dll
0x000000005f3e0000 - 0x000000005f621000 	C:\Program Files\MATLAB\R2013a\bin\win64\xerces-c_2_7.dll
0x00000000045d0000 - 0x00000000045f2000 	C:\Program Files\MATLAB\R2013a\bin\win64\libmwMATLAB_settings_res.dll
0x000007fefaad0000 - 0x000007fefaae0000 	C:\Program Files\MATLAB\R2013a\bin\win64\boost_iostreams-vc100-mt-1_49.dll
0x000007fef5d10000 - 0x000007fef5d56000 	C:\Program Files\MATLAB\R2013a\bin\win64\boost_serialization-vc100-mt-1_49.dll
0x000007fefe520000 - 0x000007feff2a8000 	C:\Windows\system32\SHELL32.dll
0x000007fefe1c0000 - 0x000007fefe231000 	C:\Windows\system32\SHLWAPI.dll
0x00000000040a0000 - 0x00000000040a6000 	C:\Program Files\MATLAB\R2013a\bin\win64\libmwnativedisplay.dll
0x000007fef8dd0000 - 0x000007fef8e70000 	C:\Windows\WinSxS\amd64_microsoft.windows.common-controls_6595b64144ccf1df_5.82.7601.18201_none_a4d3b9377117c3df\COMCTL32.dll
0x000007fefdb30000 - 0x000007fefdbc7000 	C:\Windows\system32\COMDLG32.dll
0x000007fef9340000 - 0x000007fef9356000 	C:\Windows\system32\NETAPI32.dll
0x000007fef9330000 - 0x000007fef933c000 	C:\Windows\system32\netutils.dll
0x000007fefcb00000 - 0x000007fefcb23000 	C:\Windows\system32\srvcli.dll
0x000007fef9310000 - 0x000007fef9325000 	C:\Windows\system32\wkscli.dll
0x0000000074970000 - 0x0000000074a18000 	C:\Program Files\MATLAB\R2013a\bin\win64\mcr.dll
0x0000000075000000 - 0x00000000753b1000 	C:\Program Files\MATLAB\R2013a\bin\win64\iqm.dll
0x0000000074e80000 - 0x0000000074f30000 	C:\Program Files\MATLAB\R2013a\bin\win64\m_dispatcher.dll
0x0000000004600000 - 0x0000000004e08000 	C:\Program Files\MATLAB\R2013a\bin\win64\m_interpreter.dll
0x0000000004e10000 - 0x0000000004e34000 	C:\Program Files\MATLAB\R2013a\bin\win64\libmex.dll
0x0000000075430000 - 0x00000000754ab000 	C:\Program Files\MATLAB\R2013a\bin\win64\profiler.dll
0x0000000004e40000 - 0x00000000050c3000 	C:\Program Files\MATLAB\R2013a\bin\win64\libmwmathutil.dll
0x0000000079f40000 - 0x0000000079f66000 	C:\Program Files\MATLAB\R2013a\bin\win64\libmwmathrng.dll
0x00000000050d0000 - 0x00000000050e0000 	C:\Program Files\MATLAB\R2013a\bin\win64\libmwmfl_rng.dll
0x0000000074c10000 - 0x0000000074cf8000 	C:\Program Files\MATLAB\R2013a\bin\win64\libmwmathcore.dll
0x0000000076160000 - 0x00000000761c3000 	C:\Program Files\MATLAB\R2013a\bin\win64\libmwspmatrix.dll
0x000000007b0a0000 - 0x000000007b2f6000 	C:\Program Files\MATLAB\R2013a\bin\win64\mcos.dll
0x0000000075ea0000 - 0x0000000075f02000 	C:\Program Files\MATLAB\R2013a\bin\win64\libmwcholmod.dll
0x00000000050f0000 - 0x00000000050fd000 	C:\Program Files\MATLAB\R2013a\bin\win64\libmwamd.dll
0x0000000071e90000 - 0x0000000071f33000 	C:\Windows\WinSxS\amd64_microsoft.vc90.crt_1fc8b3b9a1e18e3b_9.0.30729.6161_none_08e61857a83bc251\MSVCR90.dll
0x0000000005110000 - 0x000000000511c000 	C:\Program Files\MATLAB\R2013a\bin\win64\libmwcolamd.dll
0x000000007a290000 - 0x000000007a2a3000 	C:\Program Files\MATLAB\R2013a\bin\win64\libmwblas.dll
0x000000007a310000 - 0x000000007a325000 	C:\Program Files\MATLAB\R2013a\bin\win64\libmwbinder.dll
0x0000000005130000 - 0x000000000513b000 	C:\Program Files\MATLAB\R2013a\bin\win64\libmwompwrapper.dll
0x0000000075820000 - 0x000000007589e000 	C:\Program Files\MATLAB\R2013a\bin\win64\libmwlapack.dll
0x000000007a1b0000 - 0x000000007a1d0000 	C:\Program Files\MATLAB\R2013a\bin\win64\m_pcodeio.dll
0x0000000079b10000 - 0x0000000079b6c000 	C:\Program Files\MATLAB\R2013a\bin\win64\m_ir.dll
0x0000000078ed0000 - 0x0000000079579000 	C:\Program Files\MATLAB\R2013a\bin\win64\m_parser.dll
0x000000007a2f0000 - 0x000000007a307000 	C:\Program Files\MATLAB\R2013a\bin\win64\ir_xfmr.dll
0x0000000005140000 - 0x0000000005150000 	C:\Program Files\MATLAB\R2013a\bin\win64\mtok.dll
0x000000007a130000 - 0x000000007a158000 	C:\Program Files\MATLAB\R2013a\bin\win64\m_pcodegen.dll
0x0000000079fb0000 - 0x0000000079fdf000 	C:\Program Files\MATLAB\R2013a\bin\win64\libmwbridge.dll
0x0000000074f40000 - 0x0000000074ff6000 	C:\Program Files\MATLAB\R2013a\bin\win64\udd.dll
0x0000000073cc0000 - 0x0000000073e0e000 	C:\Program Files\MATLAB\R2013a\bin\win64\libmwgui.dll
0x000000007a1d0000 - 0x000000007a1f4000 	C:\Program Files\MATLAB\R2013a\bin\win64\graphics_util.dll
0x000007fef5190000 - 0x000007fef5248000 	C:\Program Files\MATLAB\R2013a\bin\win64\libtex_base.dll
0x0000000005150000 - 0x0000000005a93000 	C:\Program Files\MATLAB\R2013a\bin\win64\hg.dll
0x0000000076100000 - 0x000000007615a000 	C:\Program Files\MATLAB\R2013a\bin\win64\libmat.dll
0x0000000072d30000 - 0x0000000072f38000 	C:\Program Files\MATLAB\R2013a\bin\win64\hdf5dll.dll
0x0000000075710000 - 0x00000000757d8000 	C:\Program Files\MATLAB\R2013a\bin\win64\jmi.dll
0x0000000005ab0000 - 0x0000000005abe000 	C:\Program Files\MATLAB\R2013a\bin\win64\nativejava_services.dll
0x0000000005ac0000 - 0x0000000005b00000 	C:\Program Files\MATLAB\R2013a\bin\win64\libmwhardcopy.dll
0x0000000075c70000 - 0x0000000075cce000 	C:\Program Files\MATLAB\R2013a\bin\win64\libuij.dll
0x0000000072f50000 - 0x000000007318f000 	C:\Program Files\MATLAB\R2013a\bin\win64\hgdatatypes.dll
0x0000000005b00000 - 0x0000000005beb000 	C:\Program Files\MATLAB\R2013a\bin\win64\hgutils.dll
0x0000000005bf0000 - 0x0000000005c9e000 	C:\Program Files\MATLAB\R2013a\bin\win64\udd_mi.dll
0x0000000005ca0000 - 0x0000000005cd6000 	C:\Program Files\MATLAB\R2013a\bin\win64\libmwgbtutils.dll
0x0000000005ce0000 - 0x0000000005cf4000 	C:\Program Files\MATLAB\R2013a\bin\win64\libmwgbt.dll
0x0000000005d00000 - 0x0000000005fce000 	C:\Program Files\MATLAB\R2013a\bin\win64\uiw.dll
0x0000000005fd0000 - 0x0000000005fd9000 	C:\Program Files\MATLAB\R2013a\bin\win64\uinone.dll
0x0000000005fe0000 - 0x0000000006006000 	C:\Program Files\MATLAB\R2013a\bin\win64\libmwnativefiledialogs.dll
0x0000000006010000 - 0x000000000601c000 	C:\Program Files\MATLAB\R2013a\bin\win64\libmwplatform_res.dll
0x000007fefa480000 - 0x000007fefa498000 	C:\Windows\system32\MPR.dll
0x000000005ec00000 - 0x000000005f15d000 	C:\Program Files\MATLAB\R2013a\bin\win64\mfc100.dll
0x000007fefc250000 - 0x000007fefc257000 	C:\Windows\system32\MSIMG32.dll
0x000007fef9ce0000 - 0x000007fef9d51000 	C:\Windows\system32\WINSPOOL.DRV
0x0000000006020000 - 0x000000000603d000 	C:\Program Files\MATLAB\R2013a\bin\win64\mwoles05.DLL
0x0000000006040000 - 0x00000000060ac000 	C:\Program Files\MATLAB\R2013a\bin\win64\comcli.dll
0x00000000681c0000 - 0x00000000681eb000 	C:\Program Files\MATLAB\R2013a\bin\win64\ATL100.DLL
0x00000000060b0000 - 0x00000000060bc000 	C:\Program Files\MATLAB\R2013a\bin\win64\mlautoregister.dll
0x00000000060c0000 - 0x0000000006216000 	C:\Program Files\MATLAB\R2013a\bin\win64\mvm.dll
0x000007fefdf40000 - 0x000007fefdf6e000 	C:\Windows\system32\IMM32.DLL
0x000007fefda20000 - 0x000007fefdb29000 	C:\Windows\system32\MSCTF.dll
0x000007fefcfb0000 - 0x000007fefcff0000 	C:\Windows\system32\nvinitx.dll
0x000000000f000000 - 0x000000000f006000 	C:\Program Files\NVIDIA Corporation\CoProcManager\_etoured.dll
0x000007fef5300000 - 0x000007fef5354000 	C:\Program Files\NVIDIA Corporation\CoProcManager\nvd3d9wrapx.dll
0x000007fef5140000 - 0x000007fef5183000 	C:\Program Files\NVIDIA Corporation\CoProcManager\nvdxgiwrapx.dll
0x000007fefb8b0000 - 0x000007fefb906000 	C:\Windows\system32\UxTheme.dll

VM Arguments:
jvm_args: -XX:PermSize=32m -Xms64m -XX:NewRatio=3 -XX:MaxPermSize=128m -Xmx196m -XX:MaxDirectMemorySize=2147400000 -Dsun.java2d.noddraw=true -Dsun.awt.nopixfmt=true -Xshare:off -Xrs -Dsun.awt.disableMixing=true -Djava.library.path=C:\Program Files\MATLAB\R2013a\bin\win64;C:\Program Files\MATLAB\R2013a\sys\jxbrowser\win64\lib vfprintf abort 
java_command: <unknown>
Launcher Type: generic

Environment Variables:
PATH=C:\ProgramData\Oracle\Java\javapath;C:\Program Files (x86)\GTK2-Runtime\lib
USERNAME=Kyle
OS=Windows_NT
PROCESSOR_IDENTIFIER=Intel64 Family 6 Model 58 Stepping 9, GenuineIntel



---------------  S Y S T E M  ---------------

OS: Windows 7 Build 7601 Service Pack 1

CPU:total 4 (8 cores per cpu, 2 threads per core) family 6 model 58 stepping 9, cmov, cx8, fxsr, mmx, sse, sse2, sse3, ssse3, sse4.1, sse4.2, ht

Memory: 4k page, physical 6191468k(2074256k free), swap 12430224k(3818376k free)

vm_info: Java HotSpot(TM) 64-Bit Server VM (14.3-b01) for windows-amd64 JRE (1.6.0_17-b04), built on Oct 11 2009 00:46:08 by "java_re" with MS VC++ 8.0

time: Tue Jan 20 18:45:50 2015
elapsed time: 82768 seconds

